<?xml version="1.0" encoding="UTF-8"?>
<!-- Generated by org.testng.reporters.JUnitReportReporter -->
<testsuite hostname="DESKTOP-R8IOJLM" failures="0" tests="3" name="runners.TestRunner" time="26.466" errors="0" timestamp="2025-09-07T19:41:10 IST" skipped="0">
  <testcase classname="runners.TestRunner" name="runScenario" time="10.661"/>
  <testcase classname="runners.TestRunner" name="runScenario" time="8.134"/>
  <testcase classname="runners.TestRunner" name="runScenario" time="7.671"/>
</testsuite> <!-- runners.TestRunner -->
