<?xml version="1.0" encoding="UTF-8"?>
<!-- Generated by org.testng.reporters.JUnitReportReporter -->
<testsuite hostname="DESKTOP-R8IOJLM" failures="0" tests="4" name="testcases.RegisterTest" time="6.625" errors="0" timestamp="2025-09-07T16:08:23 IST" skipped="0">
  <testcase classname="testcases.RegisterTest" name="validRegistrationTest" time="3.430"/>
  <testcase classname="testcases.RegisterTest" name="duplicateEmailRegistrationTest" time="1.097"/>
  <testcase classname="testcases.RegisterTest" name="passwordMismatchTest" time="1.427"/>
  <testcase classname="testcases.RegisterTest" name="blankFieldsRegistrationTest" time="0.671"/>
</testsuite> <!-- testcases.RegisterTest -->
