<?xml version="1.0" encoding="UTF-8"?>
<!-- Generated by org.testng.reporters.JUnitReportReporter -->
<testsuite hostname="DESKTOP-R8IOJLM" failures="0" tests="2" name="testcases.ProductTest" time="3.487" errors="0" timestamp="2025-09-07T19:34:40 IST" skipped="0">
  <testcase classname="testcases.ProductTest" name="searchLaptopTest" time="1.100"/>
  <testcase classname="testcases.ProductTest" name="navigateAndSearchDesktopsTest" time="2.387"/>
</testsuite> <!-- testcases.ProductTest -->
