<?xml version="1.0" encoding="UTF-8"?>
<!-- Generated by org.testng.reporters.JUnitReportReporter -->
<testsuite hostname="DESKTOP-R8IOJLM" failures="0" tests="4" name="testcases.LoginTest" time="6.028" errors="0" timestamp="2025-09-07T20:01:06 IST" skipped="0">
  <testcase classname="testcases.LoginTest" name="validLoginTest" time="1.312"/>
  <testcase classname="testcases.LoginTest" name="invalidEmailLoginTest" time="0.880"/>
  <testcase classname="testcases.LoginTest" name="invalidPasswordLoginTest" time="3.545"/>
  <testcase classname="testcases.LoginTest" name="blankFieldsLoginTest" time="0.291"/>
</testsuite> <!-- testcases.LoginTest -->
