<?xml version="1.0" encoding="UTF-8"?>
<!-- Generated by org.testng.reporters.JUnitReportReporter -->
<testsuite hostname="DESKTOP-R8IOJLM" failures="0" tests="4" name="testcases.RegisterTest" time="12.854" errors="0" timestamp="2025-09-07T20:01:06 IST" skipped="0">
  <testcase classname="testcases.RegisterTest" name="validRegistrationTest" time="8.834"/>
  <testcase classname="testcases.RegisterTest" name="duplicateEmailRegistrationTest" time="1.875"/>
  <testcase classname="testcases.RegisterTest" name="passwordMismatchTest" time="1.365"/>
  <testcase classname="testcases.RegisterTest" name="blankFieldsRegistrationTest" time="0.780"/>
</testsuite> <!-- testcases.RegisterTest -->
