<?xml version="1.0" encoding="UTF-8"?>
<!-- Generated by org.testng.reporters.JUnitReportReporter -->
<testsuite hostname="DESKTOP-R8IOJLM" failures="0" tests="4" name="testcases.RegisterTest" time="7.302" errors="0" timestamp="2025-09-07T19:34:40 IST" skipped="0">
  <testcase classname="testcases.RegisterTest" name="validRegistrationTest" time="4.630"/>
  <testcase classname="testcases.RegisterTest" name="duplicateEmailRegistrationTest" time="1.289"/>
  <testcase classname="testcases.RegisterTest" name="passwordMismatchTest" time="0.903"/>
  <testcase classname="testcases.RegisterTest" name="blankFieldsRegistrationTest" time="0.480"/>
</testsuite> <!-- testcases.RegisterTest -->
