<?xml version="1.0" encoding="UTF-8"?>
<!-- Generated by org.testng.reporters.JUnitReportReporter -->
<testsuite hostname="DESKTOP-R8IOJLM" failures="0" tests="4" name="testcases.LoginTest" time="3.600" errors="0" timestamp="2025-09-07T19:34:40 IST" skipped="0">
  <testcase classname="testcases.LoginTest" name="validLoginTest" time="1.006"/>
  <testcase classname="testcases.LoginTest" name="invalidEmailLoginTest" time="1.562"/>
  <testcase classname="testcases.LoginTest" name="invalidPasswordLoginTest" time="0.796"/>
  <testcase classname="testcases.LoginTest" name="blankFieldsLoginTest" time="0.236"/>
</testsuite> <!-- testcases.LoginTest -->
