<?xml version="1.0" encoding="UTF-8"?>
<!-- Generated by org.testng.reporters.JUnitReportReporter -->
<testsuite hostname="DESKTOP-R8IOJLM" failures="0" tests="4" name="testcases.LoginTest" time="3.721" errors="0" timestamp="2025-09-07T16:08:23 IST" skipped="0">
  <testcase classname="testcases.LoginTest" name="validLoginTest" time="1.066"/>
  <testcase classname="testcases.LoginTest" name="invalidEmailLoginTest" time="0.767"/>
  <testcase classname="testcases.LoginTest" name="invalidPasswordLoginTest" time="1.634"/>
  <testcase classname="testcases.LoginTest" name="blankFieldsLoginTest" time="0.254"/>
</testsuite> <!-- testcases.LoginTest -->
